================================================================================
tmp0
================================================================================
tmp1
================================================================================
tmp2
undefined local variable or method `reader_with_book' for #<LibraryManager:0x00000003f71798>
["/home/sloboda/bursa/third_task_grader/tmp2/sandbox2/library_manager.rb:139:in `block in reader_notification_params'", "/home/sloboda/bursa/third_task_grader/tmp2/sandbox2/library_manager.rb:131:in `each'", "/home/sloboda/bursa/third_task_grader/tmp2/sandbox2/library_manager.rb:131:in `reader_notification_params'", "/home/sloboda/bursa/third_task_grader/tmp2/sandbox2/library_manager.rb:96:in `reader_notification'", "/home/sloboda/bursa/third_task_grader/Rakefile:90:in `block (2 levels) in <top (required)>'", "/home/sloboda/bursa/third_task_grader/Rakefile:44:in `each'", "/home/sloboda/bursa/third_task_grader/Rakefile:44:in `block in <top (required)>'", "/home/sloboda/.rvm/gems/ruby-2.1.2/gems/rake-10.4.2/lib/rake/task.rb:240:in `call'", "/home/sloboda/.rvm/gems/ruby-2.1.2/gems/rake-10.4.2/lib/rake/task.rb:240:in `block in execute'", "/home/sloboda/.rvm/gems/ruby-2.1.2/gems/rake-10.4.2/lib/rake/task.rb:235:in `each'", "/home/sloboda/.rvm/gems/ruby-2.1.2/gems/rake-10.4.2/lib/rake/task.rb:235:in `execute'", "/home/sloboda/.rvm/gems/ruby-2.1.2/gems/rake-10.4.2/lib/rake/task.rb:179:in `block in invoke_with_call_chain'", "/home/sloboda/.rvm/rubies/ruby-2.1.2/lib/ruby/2.1.0/monitor.rb:211:in `mon_synchronize'", "/home/sloboda/.rvm/gems/ruby-2.1.2/gems/rake-10.4.2/lib/rake/task.rb:172:in `invoke_with_call_chain'", "/home/sloboda/.rvm/gems/ruby-2.1.2/gems/rake-10.4.2/lib/rake/task.rb:165:in `invoke'", "/home/sloboda/.rvm/gems/ruby-2.1.2/gems/rake-10.4.2/lib/rake/application.rb:150:in `invoke_task'", "/home/sloboda/.rvm/gems/ruby-2.1.2/gems/rake-10.4.2/lib/rake/application.rb:106:in `block (2 levels) in top_level'", "/home/sloboda/.rvm/gems/ruby-2.1.2/gems/rake-10.4.2/lib/rake/application.rb:106:in `each'", "/home/sloboda/.rvm/gems/ruby-2.1.2/gems/rake-10.4.2/lib/rake/application.rb:106:in `block in top_level'", "/home/sloboda/.rvm/gems/ruby-2.1.2/gems/rake-10.4.2/lib/rake/application.rb:115:in `run_with_threads'", "/home/sloboda/.rvm/gems/ruby-2.1.2/gems/rake-10.4.2/lib/rake/application.rb:100:in `top_level'", "/home/sloboda/.rvm/gems/ruby-2.1.2/gems/rake-10.4.2/lib/rake/application.rb:78:in `block in run'", "/home/sloboda/.rvm/gems/ruby-2.1.2/gems/rake-10.4.2/lib/rake/application.rb:176:in `standard_exception_handling'", "/home/sloboda/.rvm/gems/ruby-2.1.2/gems/rake-10.4.2/lib/rake/application.rb:75:in `run'", "/home/sloboda/.rvm/gems/ruby-2.1.2/gems/rake-10.4.2/bin/rake:33:in `<top (required)>'", "/home/sloboda/.rvm/gems/ruby-2.1.2/bin/rake:23:in `load'", "/home/sloboda/.rvm/gems/ruby-2.1.2/bin/rake:23:in `<main>'"]
================================================================================
tmp3
file not found
["/home/sloboda/bursa/third_task_grader/Rakefile:58:in `block (2 levels) in <top (required)>'", "/home/sloboda/bursa/third_task_grader/Rakefile:44:in `each'", "/home/sloboda/bursa/third_task_grader/Rakefile:44:in `block in <top (required)>'", "/home/sloboda/.rvm/gems/ruby-2.1.2/gems/rake-10.4.2/lib/rake/task.rb:240:in `call'", "/home/sloboda/.rvm/gems/ruby-2.1.2/gems/rake-10.4.2/lib/rake/task.rb:240:in `block in execute'", "/home/sloboda/.rvm/gems/ruby-2.1.2/gems/rake-10.4.2/lib/rake/task.rb:235:in `each'", "/home/sloboda/.rvm/gems/ruby-2.1.2/gems/rake-10.4.2/lib/rake/task.rb:235:in `execute'", "/home/sloboda/.rvm/gems/ruby-2.1.2/gems/rake-10.4.2/lib/rake/task.rb:179:in `block in invoke_with_call_chain'", "/home/sloboda/.rvm/rubies/ruby-2.1.2/lib/ruby/2.1.0/monitor.rb:211:in `mon_synchronize'", "/home/sloboda/.rvm/gems/ruby-2.1.2/gems/rake-10.4.2/lib/rake/task.rb:172:in `invoke_with_call_chain'", "/home/sloboda/.rvm/gems/ruby-2.1.2/gems/rake-10.4.2/lib/rake/task.rb:165:in `invoke'", "/home/sloboda/.rvm/gems/ruby-2.1.2/gems/rake-10.4.2/lib/rake/application.rb:150:in `invoke_task'", "/home/sloboda/.rvm/gems/ruby-2.1.2/gems/rake-10.4.2/lib/rake/application.rb:106:in `block (2 levels) in top_level'", "/home/sloboda/.rvm/gems/ruby-2.1.2/gems/rake-10.4.2/lib/rake/application.rb:106:in `each'", "/home/sloboda/.rvm/gems/ruby-2.1.2/gems/rake-10.4.2/lib/rake/application.rb:106:in `block in top_level'", "/home/sloboda/.rvm/gems/ruby-2.1.2/gems/rake-10.4.2/lib/rake/application.rb:115:in `run_with_threads'", "/home/sloboda/.rvm/gems/ruby-2.1.2/gems/rake-10.4.2/lib/rake/application.rb:100:in `top_level'", "/home/sloboda/.rvm/gems/ruby-2.1.2/gems/rake-10.4.2/lib/rake/application.rb:78:in `block in run'", "/home/sloboda/.rvm/gems/ruby-2.1.2/gems/rake-10.4.2/lib/rake/application.rb:176:in `standard_exception_handling'", "/home/sloboda/.rvm/gems/ruby-2.1.2/gems/rake-10.4.2/lib/rake/application.rb:75:in `run'", "/home/sloboda/.rvm/gems/ruby-2.1.2/gems/rake-10.4.2/bin/rake:33:in `<top (required)>'", "/home/sloboda/.rvm/gems/ruby-2.1.2/bin/rake:23:in `load'", "/home/sloboda/.rvm/gems/ruby-2.1.2/bin/rake:23:in `<main>'"]
================================================================================
tmp4
undefined method `[]' for nil:NilClass
["/home/sloboda/bursa/third_task_grader/tmp4/sandbox4/ruby_bursa_task_3/library_manager.rb:122:in `block in populate_statistics!'", "/home/sloboda/bursa/third_task_grader/tmp4/sandbox4/ruby_bursa_task_3/library_manager.rb:120:in `each'", "/home/sloboda/bursa/third_task_grader/tmp4/sandbox4/ruby_bursa_task_3/library_manager.rb:120:in `populate_statistics!'", "/home/sloboda/bursa/third_task_grader/tmp4/sandbox4/ruby_bursa_task_3/library_manager.rb:19:in `initialize'", "/home/sloboda/bursa/third_task_grader/Rakefile:83:in `new'", "/home/sloboda/bursa/third_task_grader/Rakefile:83:in `block (2 levels) in <top (required)>'", "/home/sloboda/bursa/third_task_grader/Rakefile:44:in `each'", "/home/sloboda/bursa/third_task_grader/Rakefile:44:in `block in <top (required)>'", "/home/sloboda/.rvm/gems/ruby-2.1.2/gems/rake-10.4.2/lib/rake/task.rb:240:in `call'", "/home/sloboda/.rvm/gems/ruby-2.1.2/gems/rake-10.4.2/lib/rake/task.rb:240:in `block in execute'", "/home/sloboda/.rvm/gems/ruby-2.1.2/gems/rake-10.4.2/lib/rake/task.rb:235:in `each'", "/home/sloboda/.rvm/gems/ruby-2.1.2/gems/rake-10.4.2/lib/rake/task.rb:235:in `execute'", "/home/sloboda/.rvm/gems/ruby-2.1.2/gems/rake-10.4.2/lib/rake/task.rb:179:in `block in invoke_with_call_chain'", "/home/sloboda/.rvm/rubies/ruby-2.1.2/lib/ruby/2.1.0/monitor.rb:211:in `mon_synchronize'", "/home/sloboda/.rvm/gems/ruby-2.1.2/gems/rake-10.4.2/lib/rake/task.rb:172:in `invoke_with_call_chain'", "/home/sloboda/.rvm/gems/ruby-2.1.2/gems/rake-10.4.2/lib/rake/task.rb:165:in `invoke'", "/home/sloboda/.rvm/gems/ruby-2.1.2/gems/rake-10.4.2/lib/rake/application.rb:150:in `invoke_task'", "/home/sloboda/.rvm/gems/ruby-2.1.2/gems/rake-10.4.2/lib/rake/application.rb:106:in `block (2 levels) in top_level'", "/home/sloboda/.rvm/gems/ruby-2.1.2/gems/rake-10.4.2/lib/rake/application.rb:106:in `each'", "/home/sloboda/.rvm/gems/ruby-2.1.2/gems/rake-10.4.2/lib/rake/application.rb:106:in `block in top_level'", "/home/sloboda/.rvm/gems/ruby-2.1.2/gems/rake-10.4.2/lib/rake/application.rb:115:in `run_with_threads'", "/home/sloboda/.rvm/gems/ruby-2.1.2/gems/rake-10.4.2/lib/rake/application.rb:100:in `top_level'", "/home/sloboda/.rvm/gems/ruby-2.1.2/gems/rake-10.4.2/lib/rake/application.rb:78:in `block in run'", "/home/sloboda/.rvm/gems/ruby-2.1.2/gems/rake-10.4.2/lib/rake/application.rb:176:in `standard_exception_handling'", "/home/sloboda/.rvm/gems/ruby-2.1.2/gems/rake-10.4.2/lib/rake/application.rb:75:in `run'", "/home/sloboda/.rvm/gems/ruby-2.1.2/gems/rake-10.4.2/bin/rake:33:in `<top (required)>'", "/home/sloboda/.rvm/gems/ruby-2.1.2/bin/rake:23:in `load'", "/home/sloboda/.rvm/gems/ruby-2.1.2/bin/rake:23:in `<main>'"]
================================================================================
tmp5
================================================================================
tmp6
file not found
["/home/sloboda/bursa/third_task_grader/Rakefile:58:in `block (2 levels) in <top (required)>'", "/home/sloboda/bursa/third_task_grader/Rakefile:44:in `each'", "/home/sloboda/bursa/third_task_grader/Rakefile:44:in `block in <top (required)>'", "/home/sloboda/.rvm/gems/ruby-2.1.2/gems/rake-10.4.2/lib/rake/task.rb:240:in `call'", "/home/sloboda/.rvm/gems/ruby-2.1.2/gems/rake-10.4.2/lib/rake/task.rb:240:in `block in execute'", "/home/sloboda/.rvm/gems/ruby-2.1.2/gems/rake-10.4.2/lib/rake/task.rb:235:in `each'", "/home/sloboda/.rvm/gems/ruby-2.1.2/gems/rake-10.4.2/lib/rake/task.rb:235:in `execute'", "/home/sloboda/.rvm/gems/ruby-2.1.2/gems/rake-10.4.2/lib/rake/task.rb:179:in `block in invoke_with_call_chain'", "/home/sloboda/.rvm/rubies/ruby-2.1.2/lib/ruby/2.1.0/monitor.rb:211:in `mon_synchronize'", "/home/sloboda/.rvm/gems/ruby-2.1.2/gems/rake-10.4.2/lib/rake/task.rb:172:in `invoke_with_call_chain'", "/home/sloboda/.rvm/gems/ruby-2.1.2/gems/rake-10.4.2/lib/rake/task.rb:165:in `invoke'", "/home/sloboda/.rvm/gems/ruby-2.1.2/gems/rake-10.4.2/lib/rake/application.rb:150:in `invoke_task'", "/home/sloboda/.rvm/gems/ruby-2.1.2/gems/rake-10.4.2/lib/rake/application.rb:106:in `block (2 levels) in top_level'", "/home/sloboda/.rvm/gems/ruby-2.1.2/gems/rake-10.4.2/lib/rake/application.rb:106:in `each'", "/home/sloboda/.rvm/gems/ruby-2.1.2/gems/rake-10.4.2/lib/rake/application.rb:106:in `block in top_level'", "/home/sloboda/.rvm/gems/ruby-2.1.2/gems/rake-10.4.2/lib/rake/application.rb:115:in `run_with_threads'", "/home/sloboda/.rvm/gems/ruby-2.1.2/gems/rake-10.4.2/lib/rake/application.rb:100:in `top_level'", "/home/sloboda/.rvm/gems/ruby-2.1.2/gems/rake-10.4.2/lib/rake/application.rb:78:in `block in run'", "/home/sloboda/.rvm/gems/ruby-2.1.2/gems/rake-10.4.2/lib/rake/application.rb:176:in `standard_exception_handling'", "/home/sloboda/.rvm/gems/ruby-2.1.2/gems/rake-10.4.2/lib/rake/application.rb:75:in `run'", "/home/sloboda/.rvm/gems/ruby-2.1.2/gems/rake-10.4.2/bin/rake:33:in `<top (required)>'", "/home/sloboda/.rvm/gems/ruby-2.1.2/bin/rake:23:in `load'", "/home/sloboda/.rvm/gems/ruby-2.1.2/bin/rake:23:in `<main>'"]
================================================================================
tmp7
/home/sloboda/bursa/third_task_grader/tmp7/sandbox7/library_manager.rb:65: syntax error, unexpected tCONSTANT, expecting keyword_end
You should return a book "War and Peace" #{get_book_by_tit...
                             ^
/home/sloboda/bursa/third_task_grader/tmp7/sandbox7/library_manager.rb:65: syntax error, unexpected tSTRING_DEND, expecting ')'
...eader_name).amazing_book.title}  authored by Leo Tolstoy in ...
...                               ^
/home/sloboda/bursa/third_task_grader/tmp7/sandbox7/library_manager.rb:65: syntax error, unexpected keyword_in, expecting tSTRING_DEND
...le}  authored by Leo Tolstoy in 36 hours.
...                               ^
/home/sloboda/bursa/third_task_grader/tmp7/sandbox7/library_manager.rb:66: no .<digit> floating literal anymore; put 0 before dot
Otherwise you will be charged $12.3 per hour.
                                  ^
/home/sloboda/bursa/third_task_grader/tmp7/sandbox7/library_manager.rb:66: syntax error, unexpected tINTEGER, expecting '('
Otherwise you will be charged $12.3 per hour.
                                   ^
/home/sloboda/bursa/third_task_grader/tmp7/sandbox7/library_manager.rb:67: syntax error, unexpected tIDENTIFIER, expecting keyword_do or '{' or '('
By the way, you are on 333 page now and you need...
                   ^
/home/sloboda/bursa/third_task_grader/tmp7/sandbox7/library_manager.rb:67: syntax error, unexpected tIDENTIFIER, expecting tSTRING_DEND
...By the way, you are on 333 page now and you need 5.4 hours t...
...                               ^
/home/sloboda/bursa/third_task_grader/tmp7/sandbox7/library_manager.rb:67: syntax error, unexpected tIDENTIFIER, expecting tSTRING_DEND
...page now and you need 5.4 hours to finish reading "War and P...
...                               ^
/home/sloboda/bursa/third_task_grader/tmp7/sandbox7/library_manager.rb:68: syntax error, unexpected keyword_end, expecting tSTRING_DEND
/home/sloboda/bursa/third_task_grader/tmp7/sandbox7/library_manager.rb:76: syntax error, unexpected tCONSTANT, expecting keyword_end
Ivan Testenko is reading "War and Peace" - should return o...
                             ^
/home/sloboda/bursa/third_task_grader/tmp7/sandbox7/library_manager.rb:77: syntax error, unexpected tCONSTANT, expecting keyword_end
Vasiliy Pupkin is reading "Red and Black" - should return o...
                              ^
/home/sloboda/bursa/third_task_grader/tmp7/sandbox7/library_manager.rb:78: syntax error, unexpected tCONSTANT, expecting keyword_end
Barak Obama is reading "The Well-Grounded Rubyist" - sho...
                           ^
/home/sloboda/bursa/third_task_grader/tmp7/sandbox7/library_manager.rb:78: syntax error, unexpected tCONSTANT, expecting keyword_do or '{' or '('
...ding "The Well-Grounded Rubyist" - should return on 2015-07-...
...                               ^
/home/sloboda/bursa/third_task_grader/tmp7/sandbox7/library_manager.rb:87: syntax error, unexpected tCONSTANT, expecting keyword_end
The most popular book is "The Well-Grounded Rubyist" autho...
                             ^
/home/sloboda/bursa/third_task_grader/tmp7/sandbox7/library_manager.rb:87: syntax error, unexpected tCONSTANT, expecting keyword_do or '{' or '('
...k is "The Well-Grounded Rubyist" authored by David A. Black:...
...                               ^
/home/sloboda/bursa/third_task_grader/tmp7/sandbox7/library_manager.rb:100: syntax error, unexpected keyword_end, expecting tSTRING_DEND
/home/sloboda/bursa/third_task_grader/tmp7/sandbox7/library_manager.rb:137: syntax error, unexpected end-of-input, expecting tSTRING_DEND
#p manager.penalty_to_finish
                            ^
["/home/sloboda/.rvm/rubies/ruby-2.1.2/lib/ruby/2.1.0/rubygems/core_ext/kernel_require.rb:126:in `require'", "/home/sloboda/.rvm/rubies/ruby-2.1.2/lib/ruby/2.1.0/rubygems/core_ext/kernel_require.rb:126:in `require'", "/home/sloboda/bursa/third_task_grader/Rakefile:56:in `block (2 levels) in <top (required)>'", "/home/sloboda/bursa/third_task_grader/Rakefile:44:in `each'", "/home/sloboda/bursa/third_task_grader/Rakefile:44:in `block in <top (required)>'", "/home/sloboda/.rvm/gems/ruby-2.1.2/gems/rake-10.4.2/lib/rake/task.rb:240:in `call'", "/home/sloboda/.rvm/gems/ruby-2.1.2/gems/rake-10.4.2/lib/rake/task.rb:240:in `block in execute'", "/home/sloboda/.rvm/gems/ruby-2.1.2/gems/rake-10.4.2/lib/rake/task.rb:235:in `each'", "/home/sloboda/.rvm/gems/ruby-2.1.2/gems/rake-10.4.2/lib/rake/task.rb:235:in `execute'", "/home/sloboda/.rvm/gems/ruby-2.1.2/gems/rake-10.4.2/lib/rake/task.rb:179:in `block in invoke_with_call_chain'", "/home/sloboda/.rvm/rubies/ruby-2.1.2/lib/ruby/2.1.0/monitor.rb:211:in `mon_synchronize'", "/home/sloboda/.rvm/gems/ruby-2.1.2/gems/rake-10.4.2/lib/rake/task.rb:172:in `invoke_with_call_chain'", "/home/sloboda/.rvm/gems/ruby-2.1.2/gems/rake-10.4.2/lib/rake/task.rb:165:in `invoke'", "/home/sloboda/.rvm/gems/ruby-2.1.2/gems/rake-10.4.2/lib/rake/application.rb:150:in `invoke_task'", "/home/sloboda/.rvm/gems/ruby-2.1.2/gems/rake-10.4.2/lib/rake/application.rb:106:in `block (2 levels) in top_level'", "/home/sloboda/.rvm/gems/ruby-2.1.2/gems/rake-10.4.2/lib/rake/application.rb:106:in `each'", "/home/sloboda/.rvm/gems/ruby-2.1.2/gems/rake-10.4.2/lib/rake/application.rb:106:in `block in top_level'", "/home/sloboda/.rvm/gems/ruby-2.1.2/gems/rake-10.4.2/lib/rake/application.rb:115:in `run_with_threads'", "/home/sloboda/.rvm/gems/ruby-2.1.2/gems/rake-10.4.2/lib/rake/application.rb:100:in `top_level'", "/home/sloboda/.rvm/gems/ruby-2.1.2/gems/rake-10.4.2/lib/rake/application.rb:78:in `block in run'", "/home/sloboda/.rvm/gems/ruby-2.1.2/gems/rake-10.4.2/lib/rake/application.rb:176:in `standard_exception_handling'", "/home/sloboda/.rvm/gems/ruby-2.1.2/gems/rake-10.4.2/lib/rake/application.rb:75:in `run'", "/home/sloboda/.rvm/gems/ruby-2.1.2/gems/rake-10.4.2/bin/rake:33:in `<top (required)>'", "/home/sloboda/.rvm/gems/ruby-2.1.2/bin/rake:23:in `load'", "/home/sloboda/.rvm/gems/ruby-2.1.2/bin/rake:23:in `<main>'"]
================================================================================
tmp8
================================================================================
tmp10
================================================================================
tmp11
undefined method `reader' for #<Array:0x000000046f9380>
["/home/sloboda/bursa/third_task_grader/tmp11/sandbox11/library_manager.rb:75:in `reader_notification_params'", "/home/sloboda/bursa/third_task_grader/tmp11/sandbox11/library_manager.rb:41:in `reader_notification'", "/home/sloboda/bursa/third_task_grader/Rakefile:90:in `block (2 levels) in <top (required)>'", "/home/sloboda/bursa/third_task_grader/Rakefile:44:in `each'", "/home/sloboda/bursa/third_task_grader/Rakefile:44:in `block in <top (required)>'", "/home/sloboda/.rvm/gems/ruby-2.1.2/gems/rake-10.4.2/lib/rake/task.rb:240:in `call'", "/home/sloboda/.rvm/gems/ruby-2.1.2/gems/rake-10.4.2/lib/rake/task.rb:240:in `block in execute'", "/home/sloboda/.rvm/gems/ruby-2.1.2/gems/rake-10.4.2/lib/rake/task.rb:235:in `each'", "/home/sloboda/.rvm/gems/ruby-2.1.2/gems/rake-10.4.2/lib/rake/task.rb:235:in `execute'", "/home/sloboda/.rvm/gems/ruby-2.1.2/gems/rake-10.4.2/lib/rake/task.rb:179:in `block in invoke_with_call_chain'", "/home/sloboda/.rvm/rubies/ruby-2.1.2/lib/ruby/2.1.0/monitor.rb:211:in `mon_synchronize'", "/home/sloboda/.rvm/gems/ruby-2.1.2/gems/rake-10.4.2/lib/rake/task.rb:172:in `invoke_with_call_chain'", "/home/sloboda/.rvm/gems/ruby-2.1.2/gems/rake-10.4.2/lib/rake/task.rb:165:in `invoke'", "/home/sloboda/.rvm/gems/ruby-2.1.2/gems/rake-10.4.2/lib/rake/application.rb:150:in `invoke_task'", "/home/sloboda/.rvm/gems/ruby-2.1.2/gems/rake-10.4.2/lib/rake/application.rb:106:in `block (2 levels) in top_level'", "/home/sloboda/.rvm/gems/ruby-2.1.2/gems/rake-10.4.2/lib/rake/application.rb:106:in `each'", "/home/sloboda/.rvm/gems/ruby-2.1.2/gems/rake-10.4.2/lib/rake/application.rb:106:in `block in top_level'", "/home/sloboda/.rvm/gems/ruby-2.1.2/gems/rake-10.4.2/lib/rake/application.rb:115:in `run_with_threads'", "/home/sloboda/.rvm/gems/ruby-2.1.2/gems/rake-10.4.2/lib/rake/application.rb:100:in `top_level'", "/home/sloboda/.rvm/gems/ruby-2.1.2/gems/rake-10.4.2/lib/rake/application.rb:78:in `block in run'", "/home/sloboda/.rvm/gems/ruby-2.1.2/gems/rake-10.4.2/lib/rake/application.rb:176:in `standard_exception_handling'", "/home/sloboda/.rvm/gems/ruby-2.1.2/gems/rake-10.4.2/lib/rake/application.rb:75:in `run'", "/home/sloboda/.rvm/gems/ruby-2.1.2/gems/rake-10.4.2/bin/rake:33:in `<top (required)>'", "/home/sloboda/.rvm/gems/ruby-2.1.2/bin/rake:23:in `load'", "/home/sloboda/.rvm/gems/ruby-2.1.2/bin/rake:23:in `<main>'"]
undefined method `reader' for #<Array:0x000000046f9380>
["/home/sloboda/bursa/third_task_grader/tmp11/sandbox11/library_manager.rb:75:in `reader_notification_params'", "/home/sloboda/bursa/third_task_grader/tmp11/sandbox11/library_manager.rb:54:in `librarian_notification'", "/home/sloboda/bursa/third_task_grader/Rakefile:105:in `block (2 levels) in <top (required)>'", "/home/sloboda/bursa/third_task_grader/Rakefile:44:in `each'", "/home/sloboda/bursa/third_task_grader/Rakefile:44:in `block in <top (required)>'", "/home/sloboda/.rvm/gems/ruby-2.1.2/gems/rake-10.4.2/lib/rake/task.rb:240:in `call'", "/home/sloboda/.rvm/gems/ruby-2.1.2/gems/rake-10.4.2/lib/rake/task.rb:240:in `block in execute'", "/home/sloboda/.rvm/gems/ruby-2.1.2/gems/rake-10.4.2/lib/rake/task.rb:235:in `each'", "/home/sloboda/.rvm/gems/ruby-2.1.2/gems/rake-10.4.2/lib/rake/task.rb:235:in `execute'", "/home/sloboda/.rvm/gems/ruby-2.1.2/gems/rake-10.4.2/lib/rake/task.rb:179:in `block in invoke_with_call_chain'", "/home/sloboda/.rvm/rubies/ruby-2.1.2/lib/ruby/2.1.0/monitor.rb:211:in `mon_synchronize'", "/home/sloboda/.rvm/gems/ruby-2.1.2/gems/rake-10.4.2/lib/rake/task.rb:172:in `invoke_with_call_chain'", "/home/sloboda/.rvm/gems/ruby-2.1.2/gems/rake-10.4.2/lib/rake/task.rb:165:in `invoke'", "/home/sloboda/.rvm/gems/ruby-2.1.2/gems/rake-10.4.2/lib/rake/application.rb:150:in `invoke_task'", "/home/sloboda/.rvm/gems/ruby-2.1.2/gems/rake-10.4.2/lib/rake/application.rb:106:in `block (2 levels) in top_level'", "/home/sloboda/.rvm/gems/ruby-2.1.2/gems/rake-10.4.2/lib/rake/application.rb:106:in `each'", "/home/sloboda/.rvm/gems/ruby-2.1.2/gems/rake-10.4.2/lib/rake/application.rb:106:in `block in top_level'", "/home/sloboda/.rvm/gems/ruby-2.1.2/gems/rake-10.4.2/lib/rake/application.rb:115:in `run_with_threads'", "/home/sloboda/.rvm/gems/ruby-2.1.2/gems/rake-10.4.2/lib/rake/application.rb:100:in `top_level'", "/home/sloboda/.rvm/gems/ruby-2.1.2/gems/rake-10.4.2/lib/rake/application.rb:78:in `block in run'", "/home/sloboda/.rvm/gems/ruby-2.1.2/gems/rake-10.4.2/lib/rake/application.rb:176:in `standard_exception_handling'", "/home/sloboda/.rvm/gems/ruby-2.1.2/gems/rake-10.4.2/lib/rake/application.rb:75:in `run'", "/home/sloboda/.rvm/gems/ruby-2.1.2/gems/rake-10.4.2/bin/rake:33:in `<top (required)>'", "/home/sloboda/.rvm/gems/ruby-2.1.2/bin/rake:23:in `load'", "/home/sloboda/.rvm/gems/ruby-2.1.2/bin/rake:23:in `<main>'"]
================================================================================
tmp12
================================================================================
tmp13
{"readers"=>{"Ivan Testenko"=>{"pages"=>234, "books"=>1, "authors"=>["Leo Tolstoy"]}, "Semen Pyatochkin"=>{"pages"=>1035, "books"=>2, "authors"=>["Oscar Wilde", "Agatha Christie"]}, "Vasya Pupkin"=>{"pages"=>100, "books"=>1, "authors"=>["Agatha Christie"]}}, "book_titles"=>{"War and Peace"=>{"author"=>"Leo Tolstoy", "reading_hours"=>1.8, "readers"=>["Ivan Testenko"]}, "The Picture of Dorian Gray"=>{"author"=>"Oscar Wilde", "reading_hours"=>5.19, "readers"=>["Semen Pyatochkin"]}, "Poirot investigates"=>{"author"=>"Agatha Christie", "reading_hours"=>4.93, "readers"=>["Semen Pyatochkin", "Vasya Pupkin"]}}, "authors"=>{#<Author:0x0000000484bd78 @year_of_birth=1828, @year_of_death=1910, @name="Leo Tolstoy">=>{"pages"=>234, "readers"=>[], "books"=>1, "authors"=>true}, #<Author:0x0000000484bd28 @year_of_birth=1854, @year_of_death=1900, @name="Oscar Wilde">=>{"pages"=>571, "readers"=>[], "books"=>1, "authors"=>true}, #<Author:0x0000000484bc60 @year_of_birth=1890, @year_of_death=1976, @name="Agatha Christie">=>{"pages"=>564, "readers"=>[], "books"=>2, "authors"=>true}}}
[1] pry(#<LibraryManager>)> [1] pry(#<LibraryManager>)> [1] pry(#<LibraryManager>)> [1] pry(#<LibraryManager>)> [1] pry(#<LibraryManager>)> [1] pry(#<LibraryManager>)> 
[1mFrom:[0m /home/sloboda/bursa/third_task_grader/tmp13/sandbox13/ruby_bursa_task_3/library_manager.rb @ line 88 LibraryManager#statistics_notification:

    [1;34m75[0m:   [32mdef[0m [1;34mstatistics_notification[0m
    [1;34m76[0m:     authors_count = [1;34m5[0m
    [1;34m77[0m:     pop_author = [31m[1;31m"[0m[31mLeo Tolstoy[1;31m"[0m[31m[0m
    [1;34m78[0m:     pages_reed = [1;34m2450[0m
    [1;34m79[0m: 
    [1;34m80[0m: [31m[1;31m<<-TEXT[0m[31m[0m
    [1;34m81[0m: [1;34;4mHello[0m,
    [1;34m82[0m: [1;34;4mThe[0m library [35mhas[0m: [1;34m#{books.count + readers_with_books.count} books, #{authors_count} authors, #{readers_with_books.count} readers[0m
    [1;34m83[0m: [1;34;4mThe[0m most popular author is [1;34m#{pop_author}}: #{pages_reed} pages has been read in 2 books by 4 readers.[0m
    [1;34m84[0m: [1;34;4mThe[0m most productive reader is [1;34;4mIvan[0m [35mTestenko[0m: he had read [1;34m1040[0m pages [32min[0m [1;34m3[0m books authored by [1;34m3[0m authors.
    [1;34m85[0m: [1;34;4mThe[0m most popular book is [31m[1;31m"[0m[31mThe Well-Grounded Rubyist[1;31m"[0m[31m[0m authored by [1;34;4mDavid[0m [1;34;4mA[0m. Black: it had been read [32mfor[0m [1;35m123.0[0m hours by [1;34m5[0m readers.
    [1;34m86[0m: [1;34;4mTEXT[0m
    [1;34m87[0m: puts @statistics
 => [1;34m88[0m: binding.pry
    [1;34m89[0m:   [32mend[0m

[0G




undefined method `gsub' for nil:NilClass
["/home/sloboda/bursa/third_task_grader/Rakefile:122:in `block (2 levels) in <top (required)>'", "/home/sloboda/bursa/third_task_grader/Rakefile:44:in `each'", "/home/sloboda/bursa/third_task_grader/Rakefile:44:in `block in <top (required)>'", "/home/sloboda/.rvm/gems/ruby-2.1.2/gems/rake-10.4.2/lib/rake/task.rb:240:in `call'", "/home/sloboda/.rvm/gems/ruby-2.1.2/gems/rake-10.4.2/lib/rake/task.rb:240:in `block in execute'", "/home/sloboda/.rvm/gems/ruby-2.1.2/gems/rake-10.4.2/lib/rake/task.rb:235:in `each'", "/home/sloboda/.rvm/gems/ruby-2.1.2/gems/rake-10.4.2/lib/rake/task.rb:235:in `execute'", "/home/sloboda/.rvm/gems/ruby-2.1.2/gems/rake-10.4.2/lib/rake/task.rb:179:in `block in invoke_with_call_chain'", "/home/sloboda/.rvm/rubies/ruby-2.1.2/lib/ruby/2.1.0/monitor.rb:211:in `mon_synchronize'", "/home/sloboda/.rvm/gems/ruby-2.1.2/gems/rake-10.4.2/lib/rake/task.rb:172:in `invoke_with_call_chain'", "/home/sloboda/.rvm/gems/ruby-2.1.2/gems/rake-10.4.2/lib/rake/task.rb:165:in `invoke'", "/home/sloboda/.rvm/gems/ruby-2.1.2/gems/rake-10.4.2/lib/rake/application.rb:150:in `invoke_task'", "/home/sloboda/.rvm/gems/ruby-2.1.2/gems/rake-10.4.2/lib/rake/application.rb:106:in `block (2 levels) in top_level'", "/home/sloboda/.rvm/gems/ruby-2.1.2/gems/rake-10.4.2/lib/rake/application.rb:106:in `each'", "/home/sloboda/.rvm/gems/ruby-2.1.2/gems/rake-10.4.2/lib/rake/application.rb:106:in `block in top_level'", "/home/sloboda/.rvm/gems/ruby-2.1.2/gems/rake-10.4.2/lib/rake/application.rb:115:in `run_with_threads'", "/home/sloboda/.rvm/gems/ruby-2.1.2/gems/rake-10.4.2/lib/rake/application.rb:100:in `top_level'", "/home/sloboda/.rvm/gems/ruby-2.1.2/gems/rake-10.4.2/lib/rake/application.rb:78:in `block in run'", "/home/sloboda/.rvm/gems/ruby-2.1.2/gems/rake-10.4.2/lib/rake/application.rb:176:in `standard_exception_handling'", "/home/sloboda/.rvm/gems/ruby-2.1.2/gems/rake-10.4.2/lib/rake/application.rb:75:in `run'", "/home/sloboda/.rvm/gems/ruby-2.1.2/gems/rake-10.4.2/bin/rake:33:in `<top (required)>'", "/home/sloboda/.rvm/gems/ruby-2.1.2/bin/rake:23:in `load'", "/home/sloboda/.rvm/gems/ruby-2.1.2/bin/rake:23:in `<main>'"]
================================================================================
tmp14
undefined method `gsub' for nil:NilClass
["/home/sloboda/bursa/third_task_grader/Rakefile:122:in `block (2 levels) in <top (required)>'", "/home/sloboda/bursa/third_task_grader/Rakefile:44:in `each'", "/home/sloboda/bursa/third_task_grader/Rakefile:44:in `block in <top (required)>'", "/home/sloboda/.rvm/gems/ruby-2.1.2/gems/rake-10.4.2/lib/rake/task.rb:240:in `call'", "/home/sloboda/.rvm/gems/ruby-2.1.2/gems/rake-10.4.2/lib/rake/task.rb:240:in `block in execute'", "/home/sloboda/.rvm/gems/ruby-2.1.2/gems/rake-10.4.2/lib/rake/task.rb:235:in `each'", "/home/sloboda/.rvm/gems/ruby-2.1.2/gems/rake-10.4.2/lib/rake/task.rb:235:in `execute'", "/home/sloboda/.rvm/gems/ruby-2.1.2/gems/rake-10.4.2/lib/rake/task.rb:179:in `block in invoke_with_call_chain'", "/home/sloboda/.rvm/rubies/ruby-2.1.2/lib/ruby/2.1.0/monitor.rb:211:in `mon_synchronize'", "/home/sloboda/.rvm/gems/ruby-2.1.2/gems/rake-10.4.2/lib/rake/task.rb:172:in `invoke_with_call_chain'", "/home/sloboda/.rvm/gems/ruby-2.1.2/gems/rake-10.4.2/lib/rake/task.rb:165:in `invoke'", "/home/sloboda/.rvm/gems/ruby-2.1.2/gems/rake-10.4.2/lib/rake/application.rb:150:in `invoke_task'", "/home/sloboda/.rvm/gems/ruby-2.1.2/gems/rake-10.4.2/lib/rake/application.rb:106:in `block (2 levels) in top_level'", "/home/sloboda/.rvm/gems/ruby-2.1.2/gems/rake-10.4.2/lib/rake/application.rb:106:in `each'", "/home/sloboda/.rvm/gems/ruby-2.1.2/gems/rake-10.4.2/lib/rake/application.rb:106:in `block in top_level'", "/home/sloboda/.rvm/gems/ruby-2.1.2/gems/rake-10.4.2/lib/rake/application.rb:115:in `run_with_threads'", "/home/sloboda/.rvm/gems/ruby-2.1.2/gems/rake-10.4.2/lib/rake/application.rb:100:in `top_level'", "/home/sloboda/.rvm/gems/ruby-2.1.2/gems/rake-10.4.2/lib/rake/application.rb:78:in `block in run'", "/home/sloboda/.rvm/gems/ruby-2.1.2/gems/rake-10.4.2/lib/rake/application.rb:176:in `standard_exception_handling'", "/home/sloboda/.rvm/gems/ruby-2.1.2/gems/rake-10.4.2/lib/rake/application.rb:75:in `run'", "/home/sloboda/.rvm/gems/ruby-2.1.2/gems/rake-10.4.2/bin/rake:33:in `<top (required)>'", "/home/sloboda/.rvm/gems/ruby-2.1.2/bin/rake:23:in `load'", "/home/sloboda/.rvm/gems/ruby-2.1.2/bin/rake:23:in `<main>'"]
================================================================================
tmp15
================================================================================
tmp16
================================================================================
tmp17
undefined method `find' for nil:NilClass
["/home/sloboda/bursa/third_task_grader/tmp17/sandbox17/library_manager.rb:81:in `reader_notification_params'", "/home/sloboda/bursa/third_task_grader/tmp17/sandbox17/library_manager.rb:52:in `reader_notification'", "/home/sloboda/bursa/third_task_grader/Rakefile:90:in `block (2 levels) in <top (required)>'", "/home/sloboda/bursa/third_task_grader/Rakefile:44:in `each'", "/home/sloboda/bursa/third_task_grader/Rakefile:44:in `block in <top (required)>'", "/home/sloboda/.rvm/gems/ruby-2.1.2/gems/rake-10.4.2/lib/rake/task.rb:240:in `call'", "/home/sloboda/.rvm/gems/ruby-2.1.2/gems/rake-10.4.2/lib/rake/task.rb:240:in `block in execute'", "/home/sloboda/.rvm/gems/ruby-2.1.2/gems/rake-10.4.2/lib/rake/task.rb:235:in `each'", "/home/sloboda/.rvm/gems/ruby-2.1.2/gems/rake-10.4.2/lib/rake/task.rb:235:in `execute'", "/home/sloboda/.rvm/gems/ruby-2.1.2/gems/rake-10.4.2/lib/rake/task.rb:179:in `block in invoke_with_call_chain'", "/home/sloboda/.rvm/rubies/ruby-2.1.2/lib/ruby/2.1.0/monitor.rb:211:in `mon_synchronize'", "/home/sloboda/.rvm/gems/ruby-2.1.2/gems/rake-10.4.2/lib/rake/task.rb:172:in `invoke_with_call_chain'", "/home/sloboda/.rvm/gems/ruby-2.1.2/gems/rake-10.4.2/lib/rake/task.rb:165:in `invoke'", "/home/sloboda/.rvm/gems/ruby-2.1.2/gems/rake-10.4.2/lib/rake/application.rb:150:in `invoke_task'", "/home/sloboda/.rvm/gems/ruby-2.1.2/gems/rake-10.4.2/lib/rake/application.rb:106:in `block (2 levels) in top_level'", "/home/sloboda/.rvm/gems/ruby-2.1.2/gems/rake-10.4.2/lib/rake/application.rb:106:in `each'", "/home/sloboda/.rvm/gems/ruby-2.1.2/gems/rake-10.4.2/lib/rake/application.rb:106:in `block in top_level'", "/home/sloboda/.rvm/gems/ruby-2.1.2/gems/rake-10.4.2/lib/rake/application.rb:115:in `run_with_threads'", "/home/sloboda/.rvm/gems/ruby-2.1.2/gems/rake-10.4.2/lib/rake/application.rb:100:in `top_level'", "/home/sloboda/.rvm/gems/ruby-2.1.2/gems/rake-10.4.2/lib/rake/application.rb:78:in `block in run'", "/home/sloboda/.rvm/gems/ruby-2.1.2/gems/rake-10.4.2/lib/rake/application.rb:176:in `standard_exception_handling'", "/home/sloboda/.rvm/gems/ruby-2.1.2/gems/rake-10.4.2/lib/rake/application.rb:75:in `run'", "/home/sloboda/.rvm/gems/ruby-2.1.2/gems/rake-10.4.2/bin/rake:33:in `<top (required)>'", "/home/sloboda/.rvm/gems/ruby-2.1.2/bin/rake:23:in `load'", "/home/sloboda/.rvm/gems/ruby-2.1.2/bin/rake:23:in `<main>'"]
undefined method `size' for nil:NilClass
["/home/sloboda/bursa/third_task_grader/tmp17/sandbox17/library_manager.rb:97:in `librarian_notification_params'", "/home/sloboda/bursa/third_task_grader/tmp17/sandbox17/library_manager.rb:62:in `librarian_notification'", "/home/sloboda/bursa/third_task_grader/Rakefile:105:in `block (2 levels) in <top (required)>'", "/home/sloboda/bursa/third_task_grader/Rakefile:44:in `each'", "/home/sloboda/bursa/third_task_grader/Rakefile:44:in `block in <top (required)>'", "/home/sloboda/.rvm/gems/ruby-2.1.2/gems/rake-10.4.2/lib/rake/task.rb:240:in `call'", "/home/sloboda/.rvm/gems/ruby-2.1.2/gems/rake-10.4.2/lib/rake/task.rb:240:in `block in execute'", "/home/sloboda/.rvm/gems/ruby-2.1.2/gems/rake-10.4.2/lib/rake/task.rb:235:in `each'", "/home/sloboda/.rvm/gems/ruby-2.1.2/gems/rake-10.4.2/lib/rake/task.rb:235:in `execute'", "/home/sloboda/.rvm/gems/ruby-2.1.2/gems/rake-10.4.2/lib/rake/task.rb:179:in `block in invoke_with_call_chain'", "/home/sloboda/.rvm/rubies/ruby-2.1.2/lib/ruby/2.1.0/monitor.rb:211:in `mon_synchronize'", "/home/sloboda/.rvm/gems/ruby-2.1.2/gems/rake-10.4.2/lib/rake/task.rb:172:in `invoke_with_call_chain'", "/home/sloboda/.rvm/gems/ruby-2.1.2/gems/rake-10.4.2/lib/rake/task.rb:165:in `invoke'", "/home/sloboda/.rvm/gems/ruby-2.1.2/gems/rake-10.4.2/lib/rake/application.rb:150:in `invoke_task'", "/home/sloboda/.rvm/gems/ruby-2.1.2/gems/rake-10.4.2/lib/rake/application.rb:106:in `block (2 levels) in top_level'", "/home/sloboda/.rvm/gems/ruby-2.1.2/gems/rake-10.4.2/lib/rake/application.rb:106:in `each'", "/home/sloboda/.rvm/gems/ruby-2.1.2/gems/rake-10.4.2/lib/rake/application.rb:106:in `block in top_level'", "/home/sloboda/.rvm/gems/ruby-2.1.2/gems/rake-10.4.2/lib/rake/application.rb:115:in `run_with_threads'", "/home/sloboda/.rvm/gems/ruby-2.1.2/gems/rake-10.4.2/lib/rake/application.rb:100:in `top_level'", "/home/sloboda/.rvm/gems/ruby-2.1.2/gems/rake-10.4.2/lib/rake/application.rb:78:in `block in run'", "/home/sloboda/.rvm/gems/ruby-2.1.2/gems/rake-10.4.2/lib/rake/application.rb:176:in `standard_exception_handling'", "/home/sloboda/.rvm/gems/ruby-2.1.2/gems/rake-10.4.2/lib/rake/application.rb:75:in `run'", "/home/sloboda/.rvm/gems/ruby-2.1.2/gems/rake-10.4.2/bin/rake:33:in `<top (required)>'", "/home/sloboda/.rvm/gems/ruby-2.1.2/bin/rake:23:in `load'", "/home/sloboda/.rvm/gems/ruby-2.1.2/bin/rake:23:in `<main>'"]
================================================================================
tmp18
================================================================================
tmp19
================================================================================
tmp22

Dear Ivan Testenko!
You should return a book "War and Peace" authored by Leo Tolstoy in 36 hours.
Otherwise you will be charged $0.16 per hour.
By the way, you are on 328 page now and you need 184.5 hours to finish reading "War and Peace"

Hello,
There are 5 published books in the library.
There are 6 readers and 4 of them are reading the books.
Ivan Testenko is reading "War and Peace" - should return on 2015-08-12 at 09am - 184.5 hours of reading is needed to finish.
Vasiliy Pupkin is reading "Red and Black" - should return on 2015-08-20 at 21pm - 3.33 hours of reading is needed to finish.
Barak Obama is reading "The Well-Grounded Rubyist" - should return on 2015-08-20 at 21pm - 21.89 hours of reading is needed to finish.
Yulia Testova is reading "Ruby for Rails" - should return on 2015-08-20 at 21pm - 9.28 hours of reading is needed to finish.


Hello,
The library has: 5 books, 4 authors, 6 readers
The most popular author is David A. Black: 426 pages has been read in 2 books by 2 readers.
The most productive reader is Vasiliy Pupkin: he had read 360 pages in 1 books authored by 1 authors.
The most popular book is "Red and Black" authored by Stendhal: it had been read for 30.0 hours by 1 readers.
================================================================================
tmp24
undefined method `gsub' for nil:NilClass
["/home/sloboda/bursa/third_task_grader/Rakefile:122:in `block (2 levels) in <top (required)>'", "/home/sloboda/bursa/third_task_grader/Rakefile:44:in `each'", "/home/sloboda/bursa/third_task_grader/Rakefile:44:in `block in <top (required)>'", "/home/sloboda/.rvm/gems/ruby-2.1.2/gems/rake-10.4.2/lib/rake/task.rb:240:in `call'", "/home/sloboda/.rvm/gems/ruby-2.1.2/gems/rake-10.4.2/lib/rake/task.rb:240:in `block in execute'", "/home/sloboda/.rvm/gems/ruby-2.1.2/gems/rake-10.4.2/lib/rake/task.rb:235:in `each'", "/home/sloboda/.rvm/gems/ruby-2.1.2/gems/rake-10.4.2/lib/rake/task.rb:235:in `execute'", "/home/sloboda/.rvm/gems/ruby-2.1.2/gems/rake-10.4.2/lib/rake/task.rb:179:in `block in invoke_with_call_chain'", "/home/sloboda/.rvm/rubies/ruby-2.1.2/lib/ruby/2.1.0/monitor.rb:211:in `mon_synchronize'", "/home/sloboda/.rvm/gems/ruby-2.1.2/gems/rake-10.4.2/lib/rake/task.rb:172:in `invoke_with_call_chain'", "/home/sloboda/.rvm/gems/ruby-2.1.2/gems/rake-10.4.2/lib/rake/task.rb:165:in `invoke'", "/home/sloboda/.rvm/gems/ruby-2.1.2/gems/rake-10.4.2/lib/rake/application.rb:150:in `invoke_task'", "/home/sloboda/.rvm/gems/ruby-2.1.2/gems/rake-10.4.2/lib/rake/application.rb:106:in `block (2 levels) in top_level'", "/home/sloboda/.rvm/gems/ruby-2.1.2/gems/rake-10.4.2/lib/rake/application.rb:106:in `each'", "/home/sloboda/.rvm/gems/ruby-2.1.2/gems/rake-10.4.2/lib/rake/application.rb:106:in `block in top_level'", "/home/sloboda/.rvm/gems/ruby-2.1.2/gems/rake-10.4.2/lib/rake/application.rb:115:in `run_with_threads'", "/home/sloboda/.rvm/gems/ruby-2.1.2/gems/rake-10.4.2/lib/rake/application.rb:100:in `top_level'", "/home/sloboda/.rvm/gems/ruby-2.1.2/gems/rake-10.4.2/lib/rake/application.rb:78:in `block in run'", "/home/sloboda/.rvm/gems/ruby-2.1.2/gems/rake-10.4.2/lib/rake/application.rb:176:in `standard_exception_handling'", "/home/sloboda/.rvm/gems/ruby-2.1.2/gems/rake-10.4.2/lib/rake/application.rb:75:in `run'", "/home/sloboda/.rvm/gems/ruby-2.1.2/gems/rake-10.4.2/bin/rake:33:in `<top (required)>'", "/home/sloboda/.rvm/gems/ruby-2.1.2/bin/rake:23:in `load'", "/home/sloboda/.rvm/gems/ruby-2.1.2/bin/rake:23:in `<main>'"]
================================================================================
tmp25
comparison of Time with 234 failed
["/home/sloboda/bursa/third_task_grader/tmp25/sandbox25/ruby_bursa_task_3_my-master/reader_with_book.rb:40:in `>'", "/home/sloboda/bursa/third_task_grader/tmp25/sandbox25/ruby_bursa_task_3_my-master/reader_with_book.rb:40:in `hours_to_deadline'", "/home/sloboda/bursa/third_task_grader/tmp25/sandbox25/ruby_bursa_task_3_my-master/library_manager.rb:106:in `reader_notification_params'", "/home/sloboda/bursa/third_task_grader/tmp25/sandbox25/ruby_bursa_task_3_my-master/library_manager.rb:57:in `reader_notification'", "/home/sloboda/bursa/third_task_grader/Rakefile:90:in `block (2 levels) in <top (required)>'", "/home/sloboda/bursa/third_task_grader/Rakefile:44:in `each'", "/home/sloboda/bursa/third_task_grader/Rakefile:44:in `block in <top (required)>'", "/home/sloboda/.rvm/gems/ruby-2.1.2/gems/rake-10.4.2/lib/rake/task.rb:240:in `call'", "/home/sloboda/.rvm/gems/ruby-2.1.2/gems/rake-10.4.2/lib/rake/task.rb:240:in `block in execute'", "/home/sloboda/.rvm/gems/ruby-2.1.2/gems/rake-10.4.2/lib/rake/task.rb:235:in `each'", "/home/sloboda/.rvm/gems/ruby-2.1.2/gems/rake-10.4.2/lib/rake/task.rb:235:in `execute'", "/home/sloboda/.rvm/gems/ruby-2.1.2/gems/rake-10.4.2/lib/rake/task.rb:179:in `block in invoke_with_call_chain'", "/home/sloboda/.rvm/rubies/ruby-2.1.2/lib/ruby/2.1.0/monitor.rb:211:in `mon_synchronize'", "/home/sloboda/.rvm/gems/ruby-2.1.2/gems/rake-10.4.2/lib/rake/task.rb:172:in `invoke_with_call_chain'", "/home/sloboda/.rvm/gems/ruby-2.1.2/gems/rake-10.4.2/lib/rake/task.rb:165:in `invoke'", "/home/sloboda/.rvm/gems/ruby-2.1.2/gems/rake-10.4.2/lib/rake/application.rb:150:in `invoke_task'", "/home/sloboda/.rvm/gems/ruby-2.1.2/gems/rake-10.4.2/lib/rake/application.rb:106:in `block (2 levels) in top_level'", "/home/sloboda/.rvm/gems/ruby-2.1.2/gems/rake-10.4.2/lib/rake/application.rb:106:in `each'", "/home/sloboda/.rvm/gems/ruby-2.1.2/gems/rake-10.4.2/lib/rake/application.rb:106:in `block in top_level'", "/home/sloboda/.rvm/gems/ruby-2.1.2/gems/rake-10.4.2/lib/rake/application.rb:115:in `run_with_threads'", "/home/sloboda/.rvm/gems/ruby-2.1.2/gems/rake-10.4.2/lib/rake/application.rb:100:in `top_level'", "/home/sloboda/.rvm/gems/ruby-2.1.2/gems/rake-10.4.2/lib/rake/application.rb:78:in `block in run'", "/home/sloboda/.rvm/gems/ruby-2.1.2/gems/rake-10.4.2/lib/rake/application.rb:176:in `standard_exception_handling'", "/home/sloboda/.rvm/gems/ruby-2.1.2/gems/rake-10.4.2/lib/rake/application.rb:75:in `run'", "/home/sloboda/.rvm/gems/ruby-2.1.2/gems/rake-10.4.2/bin/rake:33:in `<top (required)>'", "/home/sloboda/.rvm/gems/ruby-2.1.2/bin/rake:23:in `load'", "/home/sloboda/.rvm/gems/ruby-2.1.2/bin/rake:23:in `<main>'"]
undefined method `strftime' for 234:Fixnum
["/home/sloboda/bursa/third_task_grader/tmp25/sandbox25/ruby_bursa_task_3_my-master/library_manager.rb:71:in `block in librarian_notification'", "/home/sloboda/bursa/third_task_grader/tmp25/sandbox25/ruby_bursa_task_3_my-master/library_manager.rb:70:in `each'", "/home/sloboda/bursa/third_task_grader/tmp25/sandbox25/ruby_bursa_task_3_my-master/library_manager.rb:70:in `librarian_notification'", "/home/sloboda/bursa/third_task_grader/Rakefile:105:in `block (2 levels) in <top (required)>'", "/home/sloboda/bursa/third_task_grader/Rakefile:44:in `each'", "/home/sloboda/bursa/third_task_grader/Rakefile:44:in `block in <top (required)>'", "/home/sloboda/.rvm/gems/ruby-2.1.2/gems/rake-10.4.2/lib/rake/task.rb:240:in `call'", "/home/sloboda/.rvm/gems/ruby-2.1.2/gems/rake-10.4.2/lib/rake/task.rb:240:in `block in execute'", "/home/sloboda/.rvm/gems/ruby-2.1.2/gems/rake-10.4.2/lib/rake/task.rb:235:in `each'", "/home/sloboda/.rvm/gems/ruby-2.1.2/gems/rake-10.4.2/lib/rake/task.rb:235:in `execute'", "/home/sloboda/.rvm/gems/ruby-2.1.2/gems/rake-10.4.2/lib/rake/task.rb:179:in `block in invoke_with_call_chain'", "/home/sloboda/.rvm/rubies/ruby-2.1.2/lib/ruby/2.1.0/monitor.rb:211:in `mon_synchronize'", "/home/sloboda/.rvm/gems/ruby-2.1.2/gems/rake-10.4.2/lib/rake/task.rb:172:in `invoke_with_call_chain'", "/home/sloboda/.rvm/gems/ruby-2.1.2/gems/rake-10.4.2/lib/rake/task.rb:165:in `invoke'", "/home/sloboda/.rvm/gems/ruby-2.1.2/gems/rake-10.4.2/lib/rake/application.rb:150:in `invoke_task'", "/home/sloboda/.rvm/gems/ruby-2.1.2/gems/rake-10.4.2/lib/rake/application.rb:106:in `block (2 levels) in top_level'", "/home/sloboda/.rvm/gems/ruby-2.1.2/gems/rake-10.4.2/lib/rake/application.rb:106:in `each'", "/home/sloboda/.rvm/gems/ruby-2.1.2/gems/rake-10.4.2/lib/rake/application.rb:106:in `block in top_level'", "/home/sloboda/.rvm/gems/ruby-2.1.2/gems/rake-10.4.2/lib/rake/application.rb:115:in `run_with_threads'", "/home/sloboda/.rvm/gems/ruby-2.1.2/gems/rake-10.4.2/lib/rake/application.rb:100:in `top_level'", "/home/sloboda/.rvm/gems/ruby-2.1.2/gems/rake-10.4.2/lib/rake/application.rb:78:in `block in run'", "/home/sloboda/.rvm/gems/ruby-2.1.2/gems/rake-10.4.2/lib/rake/application.rb:176:in `standard_exception_handling'", "/home/sloboda/.rvm/gems/ruby-2.1.2/gems/rake-10.4.2/lib/rake/application.rb:75:in `run'", "/home/sloboda/.rvm/gems/ruby-2.1.2/gems/rake-10.4.2/bin/rake:33:in `<top (required)>'", "/home/sloboda/.rvm/gems/ruby-2.1.2/bin/rake:23:in `load'", "/home/sloboda/.rvm/gems/ruby-2.1.2/bin/rake:23:in `<main>'"]
undefined method `[]' for nil:NilClass
["/home/sloboda/bursa/third_task_grader/tmp25/sandbox25/ruby_bursa_task_3_my-master/library_manager.rb:128:in `statistics_notification_params'", "/home/sloboda/bursa/third_task_grader/tmp25/sandbox25/ruby_bursa_task_3_my-master/library_manager.rb:85:in `statistics_notification'", "/home/sloboda/bursa/third_task_grader/Rakefile:122:in `block (2 levels) in <top (required)>'", "/home/sloboda/bursa/third_task_grader/Rakefile:44:in `each'", "/home/sloboda/bursa/third_task_grader/Rakefile:44:in `block in <top (required)>'", "/home/sloboda/.rvm/gems/ruby-2.1.2/gems/rake-10.4.2/lib/rake/task.rb:240:in `call'", "/home/sloboda/.rvm/gems/ruby-2.1.2/gems/rake-10.4.2/lib/rake/task.rb:240:in `block in execute'", "/home/sloboda/.rvm/gems/ruby-2.1.2/gems/rake-10.4.2/lib/rake/task.rb:235:in `each'", "/home/sloboda/.rvm/gems/ruby-2.1.2/gems/rake-10.4.2/lib/rake/task.rb:235:in `execute'", "/home/sloboda/.rvm/gems/ruby-2.1.2/gems/rake-10.4.2/lib/rake/task.rb:179:in `block in invoke_with_call_chain'", "/home/sloboda/.rvm/rubies/ruby-2.1.2/lib/ruby/2.1.0/monitor.rb:211:in `mon_synchronize'", "/home/sloboda/.rvm/gems/ruby-2.1.2/gems/rake-10.4.2/lib/rake/task.rb:172:in `invoke_with_call_chain'", "/home/sloboda/.rvm/gems/ruby-2.1.2/gems/rake-10.4.2/lib/rake/task.rb:165:in `invoke'", "/home/sloboda/.rvm/gems/ruby-2.1.2/gems/rake-10.4.2/lib/rake/application.rb:150:in `invoke_task'", "/home/sloboda/.rvm/gems/ruby-2.1.2/gems/rake-10.4.2/lib/rake/application.rb:106:in `block (2 levels) in top_level'", "/home/sloboda/.rvm/gems/ruby-2.1.2/gems/rake-10.4.2/lib/rake/application.rb:106:in `each'", "/home/sloboda/.rvm/gems/ruby-2.1.2/gems/rake-10.4.2/lib/rake/application.rb:106:in `block in top_level'", "/home/sloboda/.rvm/gems/ruby-2.1.2/gems/rake-10.4.2/lib/rake/application.rb:115:in `run_with_threads'", "/home/sloboda/.rvm/gems/ruby-2.1.2/gems/rake-10.4.2/lib/rake/application.rb:100:in `top_level'", "/home/sloboda/.rvm/gems/ruby-2.1.2/gems/rake-10.4.2/lib/rake/application.rb:78:in `block in run'", "/home/sloboda/.rvm/gems/ruby-2.1.2/gems/rake-10.4.2/lib/rake/application.rb:176:in `standard_exception_handling'", "/home/sloboda/.rvm/gems/ruby-2.1.2/gems/rake-10.4.2/lib/rake/application.rb:75:in `run'", "/home/sloboda/.rvm/gems/ruby-2.1.2/gems/rake-10.4.2/bin/rake:33:in `<top (required)>'", "/home/sloboda/.rvm/gems/ruby-2.1.2/bin/rake:23:in `load'", "/home/sloboda/.rvm/gems/ruby-2.1.2/bin/rake:23:in `<main>'"]
================================================================================
tmp26
Hello,

There are 7 published books in the library.

There are 7 readers and 4 of them are reading the books.

Ivan Testenko is reading "War and Peace" - should return on 2015-08-15 at 12:43:18 AM - 23.43 hours of reading is needed to finish.

Semen Pyatochkin is reading "The Picture of Dorian Gray" - should return on 2015-08-12 at 12:43:18 AM - 6.45 hours of reading is needed to finish.

Semen Pyatochkin is reading "Poirot investigates" - should return on 2015-08-25 at 12:43:18 AM - 16.51 hours of reading is needed to finish.

Vasya Pupkin is reading "Poirot investigates" - should return on 2015-08-15 at 12:43:18 AM - 15.57 hours of reading is needed to finish.


================================================================================
tmp28
undefined method `gsub' for nil:NilClass
["/home/sloboda/bursa/third_task_grader/Rakefile:122:in `block (2 levels) in <top (required)>'", "/home/sloboda/bursa/third_task_grader/Rakefile:44:in `each'", "/home/sloboda/bursa/third_task_grader/Rakefile:44:in `block in <top (required)>'", "/home/sloboda/.rvm/gems/ruby-2.1.2/gems/rake-10.4.2/lib/rake/task.rb:240:in `call'", "/home/sloboda/.rvm/gems/ruby-2.1.2/gems/rake-10.4.2/lib/rake/task.rb:240:in `block in execute'", "/home/sloboda/.rvm/gems/ruby-2.1.2/gems/rake-10.4.2/lib/rake/task.rb:235:in `each'", "/home/sloboda/.rvm/gems/ruby-2.1.2/gems/rake-10.4.2/lib/rake/task.rb:235:in `execute'", "/home/sloboda/.rvm/gems/ruby-2.1.2/gems/rake-10.4.2/lib/rake/task.rb:179:in `block in invoke_with_call_chain'", "/home/sloboda/.rvm/rubies/ruby-2.1.2/lib/ruby/2.1.0/monitor.rb:211:in `mon_synchronize'", "/home/sloboda/.rvm/gems/ruby-2.1.2/gems/rake-10.4.2/lib/rake/task.rb:172:in `invoke_with_call_chain'", "/home/sloboda/.rvm/gems/ruby-2.1.2/gems/rake-10.4.2/lib/rake/task.rb:165:in `invoke'", "/home/sloboda/.rvm/gems/ruby-2.1.2/gems/rake-10.4.2/lib/rake/application.rb:150:in `invoke_task'", "/home/sloboda/.rvm/gems/ruby-2.1.2/gems/rake-10.4.2/lib/rake/application.rb:106:in `block (2 levels) in top_level'", "/home/sloboda/.rvm/gems/ruby-2.1.2/gems/rake-10.4.2/lib/rake/application.rb:106:in `each'", "/home/sloboda/.rvm/gems/ruby-2.1.2/gems/rake-10.4.2/lib/rake/application.rb:106:in `block in top_level'", "/home/sloboda/.rvm/gems/ruby-2.1.2/gems/rake-10.4.2/lib/rake/application.rb:115:in `run_with_threads'", "/home/sloboda/.rvm/gems/ruby-2.1.2/gems/rake-10.4.2/lib/rake/application.rb:100:in `top_level'", "/home/sloboda/.rvm/gems/ruby-2.1.2/gems/rake-10.4.2/lib/rake/application.rb:78:in `block in run'", "/home/sloboda/.rvm/gems/ruby-2.1.2/gems/rake-10.4.2/lib/rake/application.rb:176:in `standard_exception_handling'", "/home/sloboda/.rvm/gems/ruby-2.1.2/gems/rake-10.4.2/lib/rake/application.rb:75:in `run'", "/home/sloboda/.rvm/gems/ruby-2.1.2/gems/rake-10.4.2/bin/rake:33:in `<top (required)>'", "/home/sloboda/.rvm/gems/ruby-2.1.2/bin/rake:23:in `load'", "/home/sloboda/.rvm/gems/ruby-2.1.2/bin/rake:23:in `<main>'"]
================================================================================
tmp29
undefined method `gsub' for nil:NilClass
["/home/sloboda/bursa/third_task_grader/Rakefile:122:in `block (2 levels) in <top (required)>'", "/home/sloboda/bursa/third_task_grader/Rakefile:44:in `each'", "/home/sloboda/bursa/third_task_grader/Rakefile:44:in `block in <top (required)>'", "/home/sloboda/.rvm/gems/ruby-2.1.2/gems/rake-10.4.2/lib/rake/task.rb:240:in `call'", "/home/sloboda/.rvm/gems/ruby-2.1.2/gems/rake-10.4.2/lib/rake/task.rb:240:in `block in execute'", "/home/sloboda/.rvm/gems/ruby-2.1.2/gems/rake-10.4.2/lib/rake/task.rb:235:in `each'", "/home/sloboda/.rvm/gems/ruby-2.1.2/gems/rake-10.4.2/lib/rake/task.rb:235:in `execute'", "/home/sloboda/.rvm/gems/ruby-2.1.2/gems/rake-10.4.2/lib/rake/task.rb:179:in `block in invoke_with_call_chain'", "/home/sloboda/.rvm/rubies/ruby-2.1.2/lib/ruby/2.1.0/monitor.rb:211:in `mon_synchronize'", "/home/sloboda/.rvm/gems/ruby-2.1.2/gems/rake-10.4.2/lib/rake/task.rb:172:in `invoke_with_call_chain'", "/home/sloboda/.rvm/gems/ruby-2.1.2/gems/rake-10.4.2/lib/rake/task.rb:165:in `invoke'", "/home/sloboda/.rvm/gems/ruby-2.1.2/gems/rake-10.4.2/lib/rake/application.rb:150:in `invoke_task'", "/home/sloboda/.rvm/gems/ruby-2.1.2/gems/rake-10.4.2/lib/rake/application.rb:106:in `block (2 levels) in top_level'", "/home/sloboda/.rvm/gems/ruby-2.1.2/gems/rake-10.4.2/lib/rake/application.rb:106:in `each'", "/home/sloboda/.rvm/gems/ruby-2.1.2/gems/rake-10.4.2/lib/rake/application.rb:106:in `block in top_level'", "/home/sloboda/.rvm/gems/ruby-2.1.2/gems/rake-10.4.2/lib/rake/application.rb:115:in `run_with_threads'", "/home/sloboda/.rvm/gems/ruby-2.1.2/gems/rake-10.4.2/lib/rake/application.rb:100:in `top_level'", "/home/sloboda/.rvm/gems/ruby-2.1.2/gems/rake-10.4.2/lib/rake/application.rb:78:in `block in run'", "/home/sloboda/.rvm/gems/ruby-2.1.2/gems/rake-10.4.2/lib/rake/application.rb:176:in `standard_exception_handling'", "/home/sloboda/.rvm/gems/ruby-2.1.2/gems/rake-10.4.2/lib/rake/application.rb:75:in `run'", "/home/sloboda/.rvm/gems/ruby-2.1.2/gems/rake-10.4.2/bin/rake:33:in `<top (required)>'", "/home/sloboda/.rvm/gems/ruby-2.1.2/bin/rake:23:in `load'", "/home/sloboda/.rvm/gems/ruby-2.1.2/bin/rake:23:in `<main>'"]
================================================================================
tmp30
undefined method `gsub' for nil:NilClass
["/home/sloboda/bursa/third_task_grader/Rakefile:122:in `block (2 levels) in <top (required)>'", "/home/sloboda/bursa/third_task_grader/Rakefile:44:in `each'", "/home/sloboda/bursa/third_task_grader/Rakefile:44:in `block in <top (required)>'", "/home/sloboda/.rvm/gems/ruby-2.1.2/gems/rake-10.4.2/lib/rake/task.rb:240:in `call'", "/home/sloboda/.rvm/gems/ruby-2.1.2/gems/rake-10.4.2/lib/rake/task.rb:240:in `block in execute'", "/home/sloboda/.rvm/gems/ruby-2.1.2/gems/rake-10.4.2/lib/rake/task.rb:235:in `each'", "/home/sloboda/.rvm/gems/ruby-2.1.2/gems/rake-10.4.2/lib/rake/task.rb:235:in `execute'", "/home/sloboda/.rvm/gems/ruby-2.1.2/gems/rake-10.4.2/lib/rake/task.rb:179:in `block in invoke_with_call_chain'", "/home/sloboda/.rvm/rubies/ruby-2.1.2/lib/ruby/2.1.0/monitor.rb:211:in `mon_synchronize'", "/home/sloboda/.rvm/gems/ruby-2.1.2/gems/rake-10.4.2/lib/rake/task.rb:172:in `invoke_with_call_chain'", "/home/sloboda/.rvm/gems/ruby-2.1.2/gems/rake-10.4.2/lib/rake/task.rb:165:in `invoke'", "/home/sloboda/.rvm/gems/ruby-2.1.2/gems/rake-10.4.2/lib/rake/application.rb:150:in `invoke_task'", "/home/sloboda/.rvm/gems/ruby-2.1.2/gems/rake-10.4.2/lib/rake/application.rb:106:in `block (2 levels) in top_level'", "/home/sloboda/.rvm/gems/ruby-2.1.2/gems/rake-10.4.2/lib/rake/application.rb:106:in `each'", "/home/sloboda/.rvm/gems/ruby-2.1.2/gems/rake-10.4.2/lib/rake/application.rb:106:in `block in top_level'", "/home/sloboda/.rvm/gems/ruby-2.1.2/gems/rake-10.4.2/lib/rake/application.rb:115:in `run_with_threads'", "/home/sloboda/.rvm/gems/ruby-2.1.2/gems/rake-10.4.2/lib/rake/application.rb:100:in `top_level'", "/home/sloboda/.rvm/gems/ruby-2.1.2/gems/rake-10.4.2/lib/rake/application.rb:78:in `block in run'", "/home/sloboda/.rvm/gems/ruby-2.1.2/gems/rake-10.4.2/lib/rake/application.rb:176:in `standard_exception_handling'", "/home/sloboda/.rvm/gems/ruby-2.1.2/gems/rake-10.4.2/lib/rake/application.rb:75:in `run'", "/home/sloboda/.rvm/gems/ruby-2.1.2/gems/rake-10.4.2/bin/rake:33:in `<top (required)>'", "/home/sloboda/.rvm/gems/ruby-2.1.2/bin/rake:23:in `load'", "/home/sloboda/.rvm/gems/ruby-2.1.2/bin/rake:23:in `<main>'"]
================================================================================
tmp31
undefined method `gsub' for nil:NilClass
["/home/sloboda/bursa/third_task_grader/Rakefile:122:in `block (2 levels) in <top (required)>'", "/home/sloboda/bursa/third_task_grader/Rakefile:44:in `each'", "/home/sloboda/bursa/third_task_grader/Rakefile:44:in `block in <top (required)>'", "/home/sloboda/.rvm/gems/ruby-2.1.2/gems/rake-10.4.2/lib/rake/task.rb:240:in `call'", "/home/sloboda/.rvm/gems/ruby-2.1.2/gems/rake-10.4.2/lib/rake/task.rb:240:in `block in execute'", "/home/sloboda/.rvm/gems/ruby-2.1.2/gems/rake-10.4.2/lib/rake/task.rb:235:in `each'", "/home/sloboda/.rvm/gems/ruby-2.1.2/gems/rake-10.4.2/lib/rake/task.rb:235:in `execute'", "/home/sloboda/.rvm/gems/ruby-2.1.2/gems/rake-10.4.2/lib/rake/task.rb:179:in `block in invoke_with_call_chain'", "/home/sloboda/.rvm/rubies/ruby-2.1.2/lib/ruby/2.1.0/monitor.rb:211:in `mon_synchronize'", "/home/sloboda/.rvm/gems/ruby-2.1.2/gems/rake-10.4.2/lib/rake/task.rb:172:in `invoke_with_call_chain'", "/home/sloboda/.rvm/gems/ruby-2.1.2/gems/rake-10.4.2/lib/rake/task.rb:165:in `invoke'", "/home/sloboda/.rvm/gems/ruby-2.1.2/gems/rake-10.4.2/lib/rake/application.rb:150:in `invoke_task'", "/home/sloboda/.rvm/gems/ruby-2.1.2/gems/rake-10.4.2/lib/rake/application.rb:106:in `block (2 levels) in top_level'", "/home/sloboda/.rvm/gems/ruby-2.1.2/gems/rake-10.4.2/lib/rake/application.rb:106:in `each'", "/home/sloboda/.rvm/gems/ruby-2.1.2/gems/rake-10.4.2/lib/rake/application.rb:106:in `block in top_level'", "/home/sloboda/.rvm/gems/ruby-2.1.2/gems/rake-10.4.2/lib/rake/application.rb:115:in `run_with_threads'", "/home/sloboda/.rvm/gems/ruby-2.1.2/gems/rake-10.4.2/lib/rake/application.rb:100:in `top_level'", "/home/sloboda/.rvm/gems/ruby-2.1.2/gems/rake-10.4.2/lib/rake/application.rb:78:in `block in run'", "/home/sloboda/.rvm/gems/ruby-2.1.2/gems/rake-10.4.2/lib/rake/application.rb:176:in `standard_exception_handling'", "/home/sloboda/.rvm/gems/ruby-2.1.2/gems/rake-10.4.2/lib/rake/application.rb:75:in `run'", "/home/sloboda/.rvm/gems/ruby-2.1.2/gems/rake-10.4.2/bin/rake:33:in `<top (required)>'", "/home/sloboda/.rvm/gems/ruby-2.1.2/bin/rake:23:in `load'", "/home/sloboda/.rvm/gems/ruby-2.1.2/bin/rake:23:in `<main>'"]
================================================================================
tmp32

Dear Ivan Testenko!
You should return a book "War and Peace" authored by Leo Tolstoy in 36 hours.
Otherwise you will be charged $0.16 per hour.
By the way, you are on 328 page now and you need 184.5 hours to finish reading "War and Peace"

Hello,
There are 5 published books in the library.
There are 6 readers and 4 of them are reading the books.
Ivan Testenko is reading "War and Peace" - should return on 2015-08-12 at 09am - 184.5 hours of reading is needed to finish.
Vasiliy Pupkin is reading "Red and Black" - should return on 2015-08-20 at 21pm - 3.33 hours of reading is needed to finish.
Barak Obama is reading "The Well-Grounded Rubyist" - should return on 2015-08-20 at 21pm - 1.89 hours of reading is needed to finish.
Goga Gopnik is reading "Ruby for Rails" - should return on 2015-08-20 at 21pm - 122.33 hours of reading is needed to finish.


Hello,
The library has: 5 books, 4 authors, 6 readers
The most popular author is David A. Black: 651 pages has been read in 2 books by 2 readers.
The most productive reader is Barak Obama: he had read 486 pages in 1 books authored by 1 authors.
The most popular book is "Ruby for Rails" authored by David A. Black: it had been read for 55.0 hours by 1 readers.
================================================================================
tmp33
================================================================================
tmp34
================================================================================
tmp35
Hello,

There are 7 published books in the library.

There are 7 readers and 4 of them are reading the books.

Ivan Testenko is reading "War and Peace" - should return on 2015-08-15 at 12:43:18 AM - 23.43 hours of reading is needed to finish.

Semen Pyatochkin is reading "The Picture of Dorian Gray" - should return on 2015-08-12 at 12:43:18 AM - 6.45 hours of reading is needed to finish.

Semen Pyatochkin is reading "Poirot investigates" - should return on 2015-08-25 at 12:43:18 AM - 16.51 hours of reading is needed to finish.

Vasya Pupkin is reading "Poirot investigates" - should return on 2015-08-15 at 12:43:18 AM - 15.57 hours of reading is needed to finish.


================================================================================
tmp36
Dear Ivan Testenko!

You should return a book War and Peace authored by Leo Tolstoy in 36 hours.
Otherwise you will be charged 16.34 $ per hour.
By the way, you are on 328 page now and you need 48.0 hours to finish reading "War and Peace"
  
Hello,

There are 2 published books in the library.
There are 2 readers and 1 of them are reading the books.

Ivan Testenko is reading "War and Peace" - should return on 2015-07-04 at 10am - 5.0 hours of reading is needed to finish.
Vasiliy Pupkin is reading "Red and Black" - should return on 2015-07-12 at 7pm  - 12.7 hours of reading is needed to finish.
Barak Obama is reading "The Well-Grounded Rubyist" - should return on 2015-07-10 at 12pm  - 44.5 hours of reading is needed to finish.
================================================================================
tmp37
Hello,

There are 7 published books in the library.

There are 7 readers and 4 of them are reading the books.

Ivan Testenko is reading "War and Peace" - should return on 2015-08-15 at 12:43:18 AM - 23.43 hours of reading is needed to finish.

Semen Pyatochkin is reading "The Picture of Dorian Gray" - should return on 2015-08-12 at 12:43:18 AM - 6.45 hours of reading is needed to finish.

Semen Pyatochkin is reading "Poirot investigates" - should return on 2015-08-25 at 12:43:18 AM - 16.51 hours of reading is needed to finish.

Vasya Pupkin is reading "Poirot investigates" - should return on 2015-08-15 at 12:43:18 AM - 15.57 hours of reading is needed to finish.


================================================================================
tmp38
================================================================================
tmp39
================================================================================
tmp40
Hello,

There are 7 published books in the library.

There are 7 readers and 4 of them are reading the books.

Ivan Testenko is reading "War and Peace" - should return on 2015-08-15 at 12:43:18 AM - 23.43 hours of reading is needed to finish.

Semen Pyatochkin is reading "The Picture of Dorian Gray" - should return on 2015-08-12 at 12:43:18 AM - 6.45 hours of reading is needed to finish.

Semen Pyatochkin is reading "Poirot investigates" - should return on 2015-08-25 at 12:43:18 AM - 16.51 hours of reading is needed to finish.

Vasya Pupkin is reading "Poirot investigates" - should return on 2015-08-15 at 12:43:18 AM - 15.57 hours of reading is needed to finish.


================================================================================
tmp41
================================================================================
tmp42
2015-08-15 00:43:18 +0300
2015-08-12 00:43:18 +0300
2015-08-25 00:43:18 +0300
2015-08-15 00:43:18 +0300
#<Enumerator:0x00000006ca3c20>
================================================================================
tmp43
/home/sloboda/bursa/third_task_grader/tmp43/sandbox43/library_manager.rb:65: syntax error, unexpected tCONSTANT, expecting keyword_end
You should return a book "War and Peace" #{get_book_by_tit...
                             ^
/home/sloboda/bursa/third_task_grader/tmp43/sandbox43/library_manager.rb:65: syntax error, unexpected tSTRING_DEND, expecting ')'
...eader_name).amazing_book.title}  authored by Leo Tolstoy in ...
...                               ^
/home/sloboda/bursa/third_task_grader/tmp43/sandbox43/library_manager.rb:65: syntax error, unexpected keyword_in, expecting tSTRING_DEND
...le}  authored by Leo Tolstoy in 36 hours.
...                               ^
/home/sloboda/bursa/third_task_grader/tmp43/sandbox43/library_manager.rb:66: no .<digit> floating literal anymore; put 0 before dot
Otherwise you will be charged $12.3 per hour.
                                  ^
/home/sloboda/bursa/third_task_grader/tmp43/sandbox43/library_manager.rb:66: syntax error, unexpected tINTEGER, expecting '('
Otherwise you will be charged $12.3 per hour.
                                   ^
/home/sloboda/bursa/third_task_grader/tmp43/sandbox43/library_manager.rb:67: syntax error, unexpected tIDENTIFIER, expecting keyword_do or '{' or '('
By the way, you are on 333 page now and you need...
                   ^
/home/sloboda/bursa/third_task_grader/tmp43/sandbox43/library_manager.rb:67: syntax error, unexpected tIDENTIFIER, expecting tSTRING_DEND
...By the way, you are on 333 page now and you need 5.4 hours t...
...                               ^
/home/sloboda/bursa/third_task_grader/tmp43/sandbox43/library_manager.rb:67: syntax error, unexpected tIDENTIFIER, expecting tSTRING_DEND
...page now and you need 5.4 hours to finish reading "War and P...
...                               ^
/home/sloboda/bursa/third_task_grader/tmp43/sandbox43/library_manager.rb:68: syntax error, unexpected keyword_end, expecting tSTRING_DEND
/home/sloboda/bursa/third_task_grader/tmp43/sandbox43/library_manager.rb:76: syntax error, unexpected tCONSTANT, expecting keyword_end
Ivan Testenko is reading "War and Peace" - should return o...
                             ^
/home/sloboda/bursa/third_task_grader/tmp43/sandbox43/library_manager.rb:77: syntax error, unexpected tCONSTANT, expecting keyword_end
Vasiliy Pupkin is reading "Red and Black" - should return o...
                              ^
/home/sloboda/bursa/third_task_grader/tmp43/sandbox43/library_manager.rb:78: syntax error, unexpected tCONSTANT, expecting keyword_end
Barak Obama is reading "The Well-Grounded Rubyist" - sho...
                           ^
/home/sloboda/bursa/third_task_grader/tmp43/sandbox43/library_manager.rb:78: syntax error, unexpected tCONSTANT, expecting keyword_do or '{' or '('
...ding "The Well-Grounded Rubyist" - should return on 2015-07-...
...                               ^
/home/sloboda/bursa/third_task_grader/tmp43/sandbox43/library_manager.rb:87: syntax error, unexpected tCONSTANT, expecting keyword_end
The most popular book is "The Well-Grounded Rubyist" autho...
                             ^
/home/sloboda/bursa/third_task_grader/tmp43/sandbox43/library_manager.rb:87: syntax error, unexpected tCONSTANT, expecting keyword_do or '{' or '('
...k is "The Well-Grounded Rubyist" authored by David A. Black:...
...                               ^
/home/sloboda/bursa/third_task_grader/tmp43/sandbox43/library_manager.rb:100: syntax error, unexpected keyword_end, expecting tSTRING_DEND
/home/sloboda/bursa/third_task_grader/tmp43/sandbox43/library_manager.rb:137: syntax error, unexpected end-of-input, expecting tSTRING_DEND
#p manager.penalty_to_finish
                            ^
["/home/sloboda/.rvm/rubies/ruby-2.1.2/lib/ruby/2.1.0/rubygems/core_ext/kernel_require.rb:126:in `require'", "/home/sloboda/.rvm/rubies/ruby-2.1.2/lib/ruby/2.1.0/rubygems/core_ext/kernel_require.rb:126:in `require'", "/home/sloboda/bursa/third_task_grader/Rakefile:56:in `block (2 levels) in <top (required)>'", "/home/sloboda/bursa/third_task_grader/Rakefile:44:in `each'", "/home/sloboda/bursa/third_task_grader/Rakefile:44:in `block in <top (required)>'", "/home/sloboda/.rvm/gems/ruby-2.1.2/gems/rake-10.4.2/lib/rake/task.rb:240:in `call'", "/home/sloboda/.rvm/gems/ruby-2.1.2/gems/rake-10.4.2/lib/rake/task.rb:240:in `block in execute'", "/home/sloboda/.rvm/gems/ruby-2.1.2/gems/rake-10.4.2/lib/rake/task.rb:235:in `each'", "/home/sloboda/.rvm/gems/ruby-2.1.2/gems/rake-10.4.2/lib/rake/task.rb:235:in `execute'", "/home/sloboda/.rvm/gems/ruby-2.1.2/gems/rake-10.4.2/lib/rake/task.rb:179:in `block in invoke_with_call_chain'", "/home/sloboda/.rvm/rubies/ruby-2.1.2/lib/ruby/2.1.0/monitor.rb:211:in `mon_synchronize'", "/home/sloboda/.rvm/gems/ruby-2.1.2/gems/rake-10.4.2/lib/rake/task.rb:172:in `invoke_with_call_chain'", "/home/sloboda/.rvm/gems/ruby-2.1.2/gems/rake-10.4.2/lib/rake/task.rb:165:in `invoke'", "/home/sloboda/.rvm/gems/ruby-2.1.2/gems/rake-10.4.2/lib/rake/application.rb:150:in `invoke_task'", "/home/sloboda/.rvm/gems/ruby-2.1.2/gems/rake-10.4.2/lib/rake/application.rb:106:in `block (2 levels) in top_level'", "/home/sloboda/.rvm/gems/ruby-2.1.2/gems/rake-10.4.2/lib/rake/application.rb:106:in `each'", "/home/sloboda/.rvm/gems/ruby-2.1.2/gems/rake-10.4.2/lib/rake/application.rb:106:in `block in top_level'", "/home/sloboda/.rvm/gems/ruby-2.1.2/gems/rake-10.4.2/lib/rake/application.rb:115:in `run_with_threads'", "/home/sloboda/.rvm/gems/ruby-2.1.2/gems/rake-10.4.2/lib/rake/application.rb:100:in `top_level'", "/home/sloboda/.rvm/gems/ruby-2.1.2/gems/rake-10.4.2/lib/rake/application.rb:78:in `block in run'", "/home/sloboda/.rvm/gems/ruby-2.1.2/gems/rake-10.4.2/lib/rake/application.rb:176:in `standard_exception_handling'", "/home/sloboda/.rvm/gems/ruby-2.1.2/gems/rake-10.4.2/lib/rake/application.rb:75:in `run'", "/home/sloboda/.rvm/gems/ruby-2.1.2/gems/rake-10.4.2/bin/rake:33:in `<top (required)>'", "/home/sloboda/.rvm/gems/ruby-2.1.2/bin/rake:23:in `load'", "/home/sloboda/.rvm/gems/ruby-2.1.2/bin/rake:23:in `<main>'"]
================================================================================
tmp44
undefined local variable or method `reader_with_book' for #<LibraryManager:0x00000006d10190>
["/home/sloboda/bursa/third_task_grader/tmp44/sandbox44/library_manager.rb:139:in `block in reader_notification_params'", "/home/sloboda/bursa/third_task_grader/tmp44/sandbox44/library_manager.rb:131:in `each'", "/home/sloboda/bursa/third_task_grader/tmp44/sandbox44/library_manager.rb:131:in `reader_notification_params'", "/home/sloboda/bursa/third_task_grader/tmp44/sandbox44/library_manager.rb:96:in `reader_notification'", "/home/sloboda/bursa/third_task_grader/Rakefile:90:in `block (2 levels) in <top (required)>'", "/home/sloboda/bursa/third_task_grader/Rakefile:44:in `each'", "/home/sloboda/bursa/third_task_grader/Rakefile:44:in `block in <top (required)>'", "/home/sloboda/.rvm/gems/ruby-2.1.2/gems/rake-10.4.2/lib/rake/task.rb:240:in `call'", "/home/sloboda/.rvm/gems/ruby-2.1.2/gems/rake-10.4.2/lib/rake/task.rb:240:in `block in execute'", "/home/sloboda/.rvm/gems/ruby-2.1.2/gems/rake-10.4.2/lib/rake/task.rb:235:in `each'", "/home/sloboda/.rvm/gems/ruby-2.1.2/gems/rake-10.4.2/lib/rake/task.rb:235:in `execute'", "/home/sloboda/.rvm/gems/ruby-2.1.2/gems/rake-10.4.2/lib/rake/task.rb:179:in `block in invoke_with_call_chain'", "/home/sloboda/.rvm/rubies/ruby-2.1.2/lib/ruby/2.1.0/monitor.rb:211:in `mon_synchronize'", "/home/sloboda/.rvm/gems/ruby-2.1.2/gems/rake-10.4.2/lib/rake/task.rb:172:in `invoke_with_call_chain'", "/home/sloboda/.rvm/gems/ruby-2.1.2/gems/rake-10.4.2/lib/rake/task.rb:165:in `invoke'", "/home/sloboda/.rvm/gems/ruby-2.1.2/gems/rake-10.4.2/lib/rake/application.rb:150:in `invoke_task'", "/home/sloboda/.rvm/gems/ruby-2.1.2/gems/rake-10.4.2/lib/rake/application.rb:106:in `block (2 levels) in top_level'", "/home/sloboda/.rvm/gems/ruby-2.1.2/gems/rake-10.4.2/lib/rake/application.rb:106:in `each'", "/home/sloboda/.rvm/gems/ruby-2.1.2/gems/rake-10.4.2/lib/rake/application.rb:106:in `block in top_level'", "/home/sloboda/.rvm/gems/ruby-2.1.2/gems/rake-10.4.2/lib/rake/application.rb:115:in `run_with_threads'", "/home/sloboda/.rvm/gems/ruby-2.1.2/gems/rake-10.4.2/lib/rake/application.rb:100:in `top_level'", "/home/sloboda/.rvm/gems/ruby-2.1.2/gems/rake-10.4.2/lib/rake/application.rb:78:in `block in run'", "/home/sloboda/.rvm/gems/ruby-2.1.2/gems/rake-10.4.2/lib/rake/application.rb:176:in `standard_exception_handling'", "/home/sloboda/.rvm/gems/ruby-2.1.2/gems/rake-10.4.2/lib/rake/application.rb:75:in `run'", "/home/sloboda/.rvm/gems/ruby-2.1.2/gems/rake-10.4.2/bin/rake:33:in `<top (required)>'", "/home/sloboda/.rvm/gems/ruby-2.1.2/bin/rake:23:in `load'", "/home/sloboda/.rvm/gems/ruby-2.1.2/bin/rake:23:in `<main>'"]
